build/app/intermediates/manifest_merge_blame_file/debug/manifest-merger-blame-debug-report.txt
1<?xml version="1.0" encoding="utf-8"?>
2<manifest xmlns:android="http://schemas.android.com/apk/res/android"
3    package="com.example.app"
4    android:versionCode="1"
5    android:versionName="1.0.0" >
6
7    <uses-sdk
8        android:minSdkVersion="21"
9        android:targetSdkVersion="34" />
10    <!--
11         The INTERNET permission is required for development. Specifically,
12         the Flutter tool needs it to communicate with the running application
13         to allow setting breakpoints, to provide hot reload, etc.
14    -->
15    <uses-permission android:name="android.permission.INTERNET" />
15-->src/main/AndroidManifest.xml:67:5-66
15-->src/main/AndroidManifest.xml:67:22-64
16    <!--
17     Required to query activities that can process text, see:
18         https://developer.android.com/training/package-visibility and
19         https://developer.android.com/reference/android/content/Intent#ACTION_PROCESS_TEXT.
20
21         In particular, this is used by the Flutter engine in io.flutter.plugin.text.ProcessTextPlugin.
22    -->
23    <queries>
23-->src/main/AndroidManifest.xml:48:5-63:15
24        <intent>
24-->src/main/AndroidManifest.xml:49:9-52:18
25            <action android:name="android.intent.action.PROCESS_TEXT" />
25-->src/main/AndroidManifest.xml:50:13-72
25-->src/main/AndroidManifest.xml:50:21-70
26
27            <data android:mimeType="text/plain" />
27-->src/main/AndroidManifest.xml:51:13-50
27-->src/main/AndroidManifest.xml:51:19-48
28        </intent>
29        <!-- If your app checks for SMS support -->
30        <intent>
30-->src/main/AndroidManifest.xml:54:9-57:22
31            <action android:name="android.intent.action.VIEW" />
31-->src/main/AndroidManifest.xml:55:13-65
31-->src/main/AndroidManifest.xml:55:21-62
32
33            <data android:scheme="sms" />
33-->src/main/AndroidManifest.xml:51:13-50
34        </intent>
35        <!-- If your app checks for call support -->
36        <intent>
36-->src/main/AndroidManifest.xml:59:13-62:22
37            <action android:name="android.intent.action.VIEW" />
37-->src/main/AndroidManifest.xml:55:13-65
37-->src/main/AndroidManifest.xml:55:21-62
38
39            <data android:scheme="tel" />
39-->src/main/AndroidManifest.xml:51:13-50
40        </intent>
41    </queries>
42
43    <uses-permission android:name="android.permission.ACCESS_FINE_LOCATION" />
43-->src/main/AndroidManifest.xml:64:5-78
43-->src/main/AndroidManifest.xml:64:22-76
44    <uses-permission android:name="android.permission.ACCESS_COARSE_LOCATION" />
44-->src/main/AndroidManifest.xml:65:1-76
44-->src/main/AndroidManifest.xml:65:18-74
45    <uses-permission android:name="android.permission.CAMERA" />
45-->src/main/AndroidManifest.xml:68:5-64
45-->src/main/AndroidManifest.xml:68:22-62
46    <uses-permission android:name="android.permission.RECORD_AUDIO" />
46-->src/main/AndroidManifest.xml:69:1-67
46-->src/main/AndroidManifest.xml:69:18-64
47    <uses-permission android:name="android.permission.FOREGROUND_SERVICE" />
47-->src/main/AndroidManifest.xml:70:1-73
47-->src/main/AndroidManifest.xml:70:18-70
48    <uses-permission android:name="android.permission.ACCESS_BACKGROUND_LOCATION" />
48-->src/main/AndroidManifest.xml:71:5-84
48-->src/main/AndroidManifest.xml:71:22-82
49
50    <uses-feature android:name="android.hardware.camera.any" />
50-->[:camera_android_camerax] AndroidManifest.xml:9:5-64
50-->[:camera_android_camerax] AndroidManifest.xml:9:19-61
51
52    <uses-permission
52-->[:camera_android_camerax] AndroidManifest.xml:13:5-15:38
53        android:name="android.permission.WRITE_EXTERNAL_STORAGE"
53-->[:camera_android_camerax] AndroidManifest.xml:14:9-65
54        android:maxSdkVersion="28" />
54-->[:camera_android_camerax] AndroidManifest.xml:15:9-35
55    <uses-permission android:name="android.permission.READ_EXTERNAL_STORAGE" />
56
57    <permission
57-->[androidx.core:core:1.13.1] AndroidManifest.xml:22:5-24:47
58        android:name="com.example.app.DYNAMIC_RECEIVER_NOT_EXPORTED_PERMISSION"
58-->[androidx.core:core:1.13.1] AndroidManifest.xml:23:9-81
59        android:protectionLevel="signature" />
59-->[androidx.core:core:1.13.1] AndroidManifest.xml:24:9-44
60
61    <uses-permission android:name="com.example.app.DYNAMIC_RECEIVER_NOT_EXPORTED_PERMISSION" />
61-->[androidx.core:core:1.13.1] AndroidManifest.xml:26:5-97
61-->[androidx.core:core:1.13.1] AndroidManifest.xml:26:22-94
62
63    <application
64        android:name="android.app.Application"
65        android:appComponentFactory="androidx.core.app.CoreComponentFactory"
65-->[androidx.core:core:1.13.1] AndroidManifest.xml:28:18-86
66        android:debuggable="true"
67        android:icon="@mipmap/ic_launcher"
68        android:label="app" >
69        <activity
70            android:name="com.example.app.MainActivity"
71            android:configChanges="orientation|keyboardHidden|keyboard|screenSize|smallestScreenSize|locale|layoutDirection|fontScale|screenLayout|density|uiMode"
72            android:exported="true"
73            android:hardwareAccelerated="true"
74            android:launchMode="singleTop"
75            android:taskAffinity=""
76            android:theme="@style/LaunchTheme"
77            android:windowSoftInputMode="adjustResize" >
78
79            <!--
80                 Specifies an Android theme to apply to this Activity as soon as
81                 the Android process has started. This theme is visible to the user
82                 while the Flutter UI initializes. After that, this theme continues
83                 to determine the Window background behind the Flutter UI.
84            -->
85            <meta-data
86                android:name="io.flutter.embedding.android.NormalTheme"
87                android:resource="@style/NormalTheme" />
88
89            <intent-filter>
90                <action android:name="android.intent.action.MAIN" />
91
92                <category android:name="android.intent.category.LAUNCHER" />
93            </intent-filter>
94            <!-- Deep linking -->
95            <meta-data
96                android:name="flutter_deeplinking_enabled"
97                android:value="true" />
98
99            <intent-filter android:autoVerify="true" >
100                <action android:name="android.intent.action.VIEW" />
100-->src/main/AndroidManifest.xml:55:13-65
100-->src/main/AndroidManifest.xml:55:21-62
101
102                <category android:name="android.intent.category.DEFAULT" />
103                <category android:name="android.intent.category.BROWSABLE" />
104
105                <data
105-->src/main/AndroidManifest.xml:51:13-50
106                    android:host="flutterbooksample.com"
107                    android:scheme="http" />
108                <data
108-->src/main/AndroidManifest.xml:51:13-50
109                    android:host="flutterbooksample.com"
110                    android:scheme="https" />
111            </intent-filter>
112        </activity>
113        <!--
114             Don't delete the meta-data below.
115             This is used by the Flutter tool to generate GeneratedPluginRegistrant.java
116        -->
117        <meta-data
118            android:name="flutterEmbedding"
119            android:value="2" />
120
121        <provider
121-->[:image_picker_android] AndroidManifest.xml:11:9-19:20
122            android:name="io.flutter.plugins.imagepicker.ImagePickerFileProvider"
122-->[:image_picker_android] AndroidManifest.xml:12:13-82
123            android:authorities="com.example.app.flutter.image_provider"
123-->[:image_picker_android] AndroidManifest.xml:13:13-74
124            android:exported="false"
124-->[:image_picker_android] AndroidManifest.xml:14:13-37
125            android:grantUriPermissions="true" >
125-->[:image_picker_android] AndroidManifest.xml:15:13-47
126            <meta-data
126-->[:image_picker_android] AndroidManifest.xml:16:13-18:75
127                android:name="android.support.FILE_PROVIDER_PATHS"
127-->[:image_picker_android] AndroidManifest.xml:17:17-67
128                android:resource="@xml/flutter_image_picker_file_paths" />
128-->[:image_picker_android] AndroidManifest.xml:18:17-72
129        </provider> <!-- Trigger Google Play services to install the backported photo picker module. -->
130        <service
130-->[:image_picker_android] AndroidManifest.xml:21:9-33:19
131            android:name="com.google.android.gms.metadata.ModuleDependencies"
131-->[:image_picker_android] AndroidManifest.xml:22:13-78
132            android:enabled="false"
132-->[:image_picker_android] AndroidManifest.xml:23:13-36
133            android:exported="false" >
133-->[:image_picker_android] AndroidManifest.xml:24:13-37
134            <intent-filter>
134-->[:image_picker_android] AndroidManifest.xml:26:13-28:29
135                <action android:name="com.google.android.gms.metadata.MODULE_DEPENDENCIES" />
135-->[:image_picker_android] AndroidManifest.xml:27:17-94
135-->[:image_picker_android] AndroidManifest.xml:27:25-91
136            </intent-filter>
137
138            <meta-data
138-->[:image_picker_android] AndroidManifest.xml:30:13-32:36
139                android:name="photopicker_activity:0:required"
139-->[:image_picker_android] AndroidManifest.xml:31:17-63
140                android:value="" />
140-->[:image_picker_android] AndroidManifest.xml:32:17-33
141        </service>
142        <service
142-->[:geolocator_android] AndroidManifest.xml:10:9-14:56
143            android:name="com.baseflow.geolocator.GeolocatorLocationService"
143-->[:geolocator_android] AndroidManifest.xml:11:13-77
144            android:enabled="true"
144-->[:geolocator_android] AndroidManifest.xml:12:13-35
145            android:exported="false"
145-->[:geolocator_android] AndroidManifest.xml:13:13-37
146            android:foregroundServiceType="location" />
146-->[:geolocator_android] AndroidManifest.xml:14:13-53
147        <service
147-->[:location] AndroidManifest.xml:13:9-17:56
148            android:name="com.lyokone.location.FlutterLocationService"
148-->[:location] AndroidManifest.xml:14:13-71
149            android:enabled="true"
149-->[:location] AndroidManifest.xml:15:13-35
150            android:exported="false"
150-->[:location] AndroidManifest.xml:16:13-37
151            android:foregroundServiceType="location" />
151-->[:location] AndroidManifest.xml:17:13-53
152
153        <activity
153-->[:url_launcher_android] AndroidManifest.xml:10:9-13:74
154            android:name="io.flutter.plugins.urllauncher.WebViewActivity"
154-->[:url_launcher_android] AndroidManifest.xml:11:13-74
155            android:exported="false"
155-->[:url_launcher_android] AndroidManifest.xml:12:13-37
156            android:theme="@android:style/Theme.NoTitleBar.Fullscreen" />
156-->[:url_launcher_android] AndroidManifest.xml:13:13-71
157
158        <service
158-->[androidx.camera:camera-camera2:1.3.4] AndroidManifest.xml:24:9-33:19
159            android:name="androidx.camera.core.impl.MetadataHolderService"
159-->[androidx.camera:camera-camera2:1.3.4] AndroidManifest.xml:25:13-75
160            android:enabled="false"
160-->[androidx.camera:camera-camera2:1.3.4] AndroidManifest.xml:26:13-36
161            android:exported="false" >
161-->[androidx.camera:camera-camera2:1.3.4] AndroidManifest.xml:27:13-37
162            <meta-data
162-->[androidx.camera:camera-camera2:1.3.4] AndroidManifest.xml:30:13-32:89
163                android:name="androidx.camera.core.impl.MetadataHolderService.DEFAULT_CONFIG_PROVIDER"
163-->[androidx.camera:camera-camera2:1.3.4] AndroidManifest.xml:31:17-103
164                android:value="androidx.camera.camera2.Camera2Config$DefaultProvider" />
164-->[androidx.camera:camera-camera2:1.3.4] AndroidManifest.xml:32:17-86
165        </service>
166
167        <activity
167-->[com.google.android.gms:play-services-base:18.3.0] AndroidManifest.xml:20:9-22:45
168            android:name="com.google.android.gms.common.api.GoogleApiActivity"
168-->[com.google.android.gms:play-services-base:18.3.0] AndroidManifest.xml:20:19-85
169            android:exported="false"
169-->[com.google.android.gms:play-services-base:18.3.0] AndroidManifest.xml:22:19-43
170            android:theme="@android:style/Theme.Translucent.NoTitleBar" />
170-->[com.google.android.gms:play-services-base:18.3.0] AndroidManifest.xml:21:19-78
171
172        <meta-data
172-->[com.google.android.gms:play-services-basement:18.3.0] AndroidManifest.xml:21:9-23:69
173            android:name="com.google.android.gms.version"
173-->[com.google.android.gms:play-services-basement:18.3.0] AndroidManifest.xml:22:13-58
174            android:value="@integer/google_play_services_version" />
174-->[com.google.android.gms:play-services-basement:18.3.0] AndroidManifest.xml:23:13-66
175
176        <uses-library
176-->[androidx.window:window:1.2.0] AndroidManifest.xml:23:9-25:40
177            android:name="androidx.window.extensions"
177-->[androidx.window:window:1.2.0] AndroidManifest.xml:24:13-54
178            android:required="false" />
178-->[androidx.window:window:1.2.0] AndroidManifest.xml:25:13-37
179        <uses-library
179-->[androidx.window:window:1.2.0] AndroidManifest.xml:26:9-28:40
180            android:name="androidx.window.sidecar"
180-->[androidx.window:window:1.2.0] AndroidManifest.xml:27:13-51
181            android:required="false" />
181-->[androidx.window:window:1.2.0] AndroidManifest.xml:28:13-37
182
183        <provider
183-->[androidx.emoji2:emoji2:1.2.0] AndroidManifest.xml:24:9-32:20
184            android:name="androidx.startup.InitializationProvider"
184-->[androidx.emoji2:emoji2:1.2.0] AndroidManifest.xml:25:13-67
185            android:authorities="com.example.app.androidx-startup"
185-->[androidx.emoji2:emoji2:1.2.0] AndroidManifest.xml:26:13-68
186            android:exported="false" >
186-->[androidx.emoji2:emoji2:1.2.0] AndroidManifest.xml:27:13-37
187            <meta-data
187-->[androidx.emoji2:emoji2:1.2.0] AndroidManifest.xml:29:13-31:52
188                android:name="androidx.emoji2.text.EmojiCompatInitializer"
188-->[androidx.emoji2:emoji2:1.2.0] AndroidManifest.xml:30:17-75
189                android:value="androidx.startup" />
189-->[androidx.emoji2:emoji2:1.2.0] AndroidManifest.xml:31:17-49
190            <meta-data
190-->[androidx.lifecycle:lifecycle-process:2.7.0] AndroidManifest.xml:29:13-31:52
191                android:name="androidx.lifecycle.ProcessLifecycleInitializer"
191-->[androidx.lifecycle:lifecycle-process:2.7.0] AndroidManifest.xml:30:17-78
192                android:value="androidx.startup" />
192-->[androidx.lifecycle:lifecycle-process:2.7.0] AndroidManifest.xml:31:17-49
193            <meta-data
193-->[androidx.profileinstaller:profileinstaller:1.3.1] AndroidManifest.xml:29:13-31:52
194                android:name="androidx.profileinstaller.ProfileInstallerInitializer"
194-->[androidx.profileinstaller:profileinstaller:1.3.1] AndroidManifest.xml:30:17-85
195                android:value="androidx.startup" />
195-->[androidx.profileinstaller:profileinstaller:1.3.1] AndroidManifest.xml:31:17-49
196        </provider>
197
198        <receiver
198-->[androidx.profileinstaller:profileinstaller:1.3.1] AndroidManifest.xml:34:9-52:20
199            android:name="androidx.profileinstaller.ProfileInstallReceiver"
199-->[androidx.profileinstaller:profileinstaller:1.3.1] AndroidManifest.xml:35:13-76
200            android:directBootAware="false"
200-->[androidx.profileinstaller:profileinstaller:1.3.1] AndroidManifest.xml:36:13-44
201            android:enabled="true"
201-->[androidx.profileinstaller:profileinstaller:1.3.1] AndroidManifest.xml:37:13-35
202            android:exported="true"
202-->[androidx.profileinstaller:profileinstaller:1.3.1] AndroidManifest.xml:38:13-36
203            android:permission="android.permission.DUMP" >
203-->[androidx.profileinstaller:profileinstaller:1.3.1] AndroidManifest.xml:39:13-57
204            <intent-filter>
204-->[androidx.profileinstaller:profileinstaller:1.3.1] AndroidManifest.xml:40:13-42:29
205                <action android:name="androidx.profileinstaller.action.INSTALL_PROFILE" />
205-->[androidx.profileinstaller:profileinstaller:1.3.1] AndroidManifest.xml:41:17-91
205-->[androidx.profileinstaller:profileinstaller:1.3.1] AndroidManifest.xml:41:25-88
206            </intent-filter>
207            <intent-filter>
207-->[androidx.profileinstaller:profileinstaller:1.3.1] AndroidManifest.xml:43:13-45:29
208                <action android:name="androidx.profileinstaller.action.SKIP_FILE" />
208-->[androidx.profileinstaller:profileinstaller:1.3.1] AndroidManifest.xml:44:17-85
208-->[androidx.profileinstaller:profileinstaller:1.3.1] AndroidManifest.xml:44:25-82
209            </intent-filter>
210            <intent-filter>
210-->[androidx.profileinstaller:profileinstaller:1.3.1] AndroidManifest.xml:46:13-48:29
211                <action android:name="androidx.profileinstaller.action.SAVE_PROFILE" />
211-->[androidx.profileinstaller:profileinstaller:1.3.1] AndroidManifest.xml:47:17-88
211-->[androidx.profileinstaller:profileinstaller:1.3.1] AndroidManifest.xml:47:25-85
212            </intent-filter>
213            <intent-filter>
213-->[androidx.profileinstaller:profileinstaller:1.3.1] AndroidManifest.xml:49:13-51:29
214                <action android:name="androidx.profileinstaller.action.BENCHMARK_OPERATION" />
214-->[androidx.profileinstaller:profileinstaller:1.3.1] AndroidManifest.xml:50:17-95
214-->[androidx.profileinstaller:profileinstaller:1.3.1] AndroidManifest.xml:50:25-92
215            </intent-filter>
216        </receiver>
217    </application>
218
219</manifest>